
<dict>
	cocos2d.x.version: 2.2.1
	cocos2d.x.compiled_with_profiler: false
	cocos2d.x.compiled_with_gl_state_cache: true
	gl.vendor: ATI Technologies Inc.
	gl.renderer: AMD Radeon HD 5700 Series
	gl.version: 4.2.12422 Compatibility Profile Context 13.152.0.0
	gl.max_texture_size: 16384
	gl.max_texture_units: 32
	gl.supports_PVRTC: false
	gl.supports_NPOT: true
	gl.supports_BGRA8888: false
	gl.supports_discard_framebuffer: false
	gl.supports_vertex_array_object: true
</dict>
lua_loadChunksFromZIP() - load zip file: D:\quick-cocos2d-x\lib\framework_precompiled\framework_precompiled.zip
lua_loadChunksFromZIP() - loaded chunks count: 54
------------------------------------------------
LOAD LUA FILE: D:/testlua/scripts/main.lua
------------------------------------------------
[0.2149] Controller get notice Event.EVENT_START_APP
